<?xml version="1.0" encoding="UTF-8"?>
<testng-results skipped="0" failed="0" ignored="0" total="2" passed="2">
  <reporter-output>
  </reporter-output>
  <suite name="Suite" duration-ms="43580" started-at="2019-10-06T08:37:00Z" finished-at="2019-10-06T08:37:44Z">
    <groups>
      <group name="cucumber">
        <method signature="AbstractTestNGCucumberTests.runScenario(cucumber.api.testng.PickleEventWrapper, cucumber.api.testng.CucumberFeatureWrapper)[pri:0, instance:com.leafBot.testcases.TC002_CreateLead@1df90b0]" name="runScenario" class="cucumber.api.testng.AbstractTestNGCucumberTests"/>
      </group> <!-- cucumber -->
    </groups>
    <test name="Test" duration-ms="43580" started-at="2019-10-06T08:37:00Z" finished-at="2019-10-06T08:37:44Z">
      <class name="com.leafBot.testcases.TC002_CreateLead">
        <test-method status="PASS" signature="startReport()[pri:0, instance:com.leafBot.testcases.TC002_CreateLead@1df90b0]" name="startReport" is-config="true" duration-ms="403" started-at="2019-10-06T08:37:00Z" finished-at="2019-10-06T08:37:00Z">
          <reporter-output>
          </reporter-output>
        </test-method> <!-- startReport -->
        <test-method status="PASS" signature="setData()[pri:0, instance:com.leafBot.testcases.TC002_CreateLead@1df90b0]" name="setData" is-config="true" duration-ms="0" started-at="2019-10-06T08:37:00Z" finished-at="2019-10-06T08:37:00Z">
          <reporter-output>
          </reporter-output>
        </test-method> <!-- setData -->
        <test-method status="PASS" signature="setUpClass()[pri:0, instance:com.leafBot.testcases.TC002_CreateLead@1df90b0]" name="setUpClass" is-config="true" duration-ms="155" started-at="2019-10-06T08:37:00Z" finished-at="2019-10-06T08:37:00Z">
          <reporter-output>
          </reporter-output>
        </test-method> <!-- setUpClass -->
        <test-method status="PASS" signature="report()[pri:0, instance:com.leafBot.testcases.TC002_CreateLead@1df90b0]" name="report" is-config="true" duration-ms="7" started-at="2019-10-06T08:37:00Z" finished-at="2019-10-06T08:37:00Z">
          <reporter-output>
          </reporter-output>
        </test-method> <!-- report -->
        <test-method status="PASS" signature="beforeMethod()[pri:0, instance:com.leafBot.testcases.TC002_CreateLead@1df90b0]" name="beforeMethod" is-config="true" duration-ms="15023" started-at="2019-10-06T08:37:02Z" finished-at="2019-10-06T08:37:17Z">
          <reporter-output>
          </reporter-output>
        </test-method> <!-- beforeMethod -->
        <test-method status="PASS" signature="runTC002(java.lang.String, java.lang.String, java.lang.String, java.lang.String, java.lang.String)[pri:0, instance:com.leafBot.testcases.TC002_CreateLead@1df90b0]" name="runTC002" duration-ms="8102" started-at="2019-10-06T08:37:17Z" data-provider="fetchData" finished-at="2019-10-06T08:37:25Z">
          <params>
            <param index="0">
              <value>
                <![CDATA[demosalesmanager]]>
              </value>
            </param>
            <param index="1">
              <value>
                <![CDATA[crmsfa]]>
              </value>
            </param>
            <param index="2">
              <value>
                <![CDATA[TL]]>
              </value>
            </param>
            <param index="3">
              <value>
                <![CDATA[Maha]]>
              </value>
            </param>
            <param index="4">
              <value>
                <![CDATA[Muru]]>
              </value>
            </param>
          </params>
          <reporter-output>
          </reporter-output>
        </test-method> <!-- runTC002 -->
        <test-method status="PASS" signature="afterMethod()[pri:0, instance:com.leafBot.testcases.TC002_CreateLead@1df90b0]" name="afterMethod" is-config="true" duration-ms="232" started-at="2019-10-06T08:37:25Z" finished-at="2019-10-06T08:37:25Z">
          <reporter-output>
          </reporter-output>
        </test-method> <!-- afterMethod -->
        <test-method status="PASS" signature="beforeMethod()[pri:0, instance:com.leafBot.testcases.TC002_CreateLead@1df90b0]" name="beforeMethod" is-config="true" duration-ms="6733" started-at="2019-10-06T08:37:25Z" finished-at="2019-10-06T08:37:32Z">
          <reporter-output>
          </reporter-output>
        </test-method> <!-- beforeMethod -->
        <test-method status="PASS" signature="runTC002(java.lang.String, java.lang.String, java.lang.String, java.lang.String, java.lang.String)[pri:0, instance:com.leafBot.testcases.TC002_CreateLead@1df90b0]" name="runTC002" duration-ms="9548" started-at="2019-10-06T08:37:32Z" data-provider="fetchData" finished-at="2019-10-06T08:37:42Z">
          <params>
            <param index="0">
              <value>
                <![CDATA[demosalesmanager]]>
              </value>
            </param>
            <param index="1">
              <value>
                <![CDATA[crmsfa]]>
              </value>
            </param>
            <param index="2">
              <value>
                <![CDATA[CTS]]>
              </value>
            </param>
            <param index="3">
              <value>
                <![CDATA[Maheswari]]>
              </value>
            </param>
            <param index="4">
              <value>
                <![CDATA[Murugesan]]>
              </value>
            </param>
          </params>
          <reporter-output>
          </reporter-output>
        </test-method> <!-- runTC002 -->
        <test-method status="PASS" signature="afterMethod()[pri:0, instance:com.leafBot.testcases.TC002_CreateLead@1df90b0]" name="afterMethod" is-config="true" duration-ms="2119" started-at="2019-10-06T08:37:42Z" finished-at="2019-10-06T08:37:44Z">
          <reporter-output>
          </reporter-output>
        </test-method> <!-- afterMethod -->
        <test-method status="PASS" signature="tearDownClass()[pri:0, instance:com.leafBot.testcases.TC002_CreateLead@1df90b0]" name="tearDownClass" is-config="true" duration-ms="3" started-at="2019-10-06T08:37:44Z" finished-at="2019-10-06T08:37:44Z">
          <reporter-output>
          </reporter-output>
        </test-method> <!-- tearDownClass -->
        <test-method status="PASS" signature="stopReport()[pri:0, instance:com.leafBot.testcases.TC002_CreateLead@1df90b0]" name="stopReport" is-config="true" duration-ms="355" started-at="2019-10-06T08:37:44Z" finished-at="2019-10-06T08:37:44Z">
          <reporter-output>
          </reporter-output>
        </test-method> <!-- stopReport -->
      </class> <!-- com.leafBot.testcases.TC002_CreateLead -->
    </test> <!-- Test -->
  </suite> <!-- Suite -->
</testng-results>
